<?xml version="1.0" encoding="UTF-8"?>
<robot generator="Robot 4.1.3 (Python 3.7.0rc1 on linux)" generated="20220213 09:31:27.130" rpa="false" schemaversion="2">
<suite id="s1" name="TC 001" source="/tmp/cloud/PY_PROJECT_01/Suite/TestCase01/TC_001.robot">
<test id="s1-t1" name="testcast0001">
<kw name="Set Variable" library="BuiltIn">
<var>${aa}</var>
<arg>aa</arg>
<doc>Returns the given values which can then be assigned to a variables.</doc>
<msg timestamp="20220213 09:31:27.175" level="INFO">${aa} = aa</msg>
<status status="PASS" starttime="20220213 09:31:27.175" endtime="20220213 09:31:27.175"/>
</kw>
<kw name="Log" library="BuiltIn">
<arg>${aa}</arg>
<doc>Logs the given message with the given level.</doc>
<msg timestamp="20220213 09:31:27.176" level="INFO">aa</msg>
<status status="PASS" starttime="20220213 09:31:27.176" endtime="20220213 09:31:27.176"/>
</kw>
<kw name="Aaa" library="TestCase01">
<msg timestamp="20220213 09:31:27.176" level="INFO">dict_keys(['b'])
dict_keys(['b', '__builtins__', 'a'])</msg>
<status status="PASS" starttime="20220213 09:31:27.176" endtime="20220213 09:31:27.176"/>
</kw>
<status status="PASS" starttime="20220213 09:31:27.174" endtime="20220213 09:31:27.177"/>
</test>
<status status="PASS" starttime="20220213 09:31:27.131" endtime="20220213 09:31:27.178"/>
</suite>
<statistics>
<total>
<stat pass="1" fail="0" skip="0">All Tests</stat>
</total>
<tag>
</tag>
<suite>
<stat pass="1" fail="0" skip="0" id="s1" name="TC 001">TC 001</stat>
</suite>
</statistics>
<errors>
</errors>
</robot>
